d:\game\game-se102-\game-se102-\wip\megaman\megaman\debug\vc141.pdb
d:\game\game-se102-\game-se102-\wip\megaman\megaman\debug\vc141.idb
d:\game\game-se102-\game-se102-\wip\megaman\megaman\debug\objectsprite.obj
d:\game\game-se102-\game-se102-\wip\megaman\megaman\debug\objectdata.obj
d:\game\game-se102-\game-se102-\wip\megaman\megaman\debug\mgmnormalbulletsprite.obj
d:\game\game-se102-\game-se102-\wip\megaman\megaman\debug\megamanwallclimping.obj
d:\game\game-se102-\game-se102-\wip\megaman\megaman\debug\megamanstartstate.obj
d:\game\game-se102-\game-se102-\wip\megaman\megaman\debug\megamanstandingstate.obj
d:\game\game-se102-\game-se102-\wip\megaman\megaman\debug\megamansprite.obj
d:\game\game-se102-\game-se102-\wip\megaman\megaman\debug\megamanslidestate.obj
d:\game\game-se102-\game-se102-\wip\megaman\megaman\debug\megamanrunningstate.obj
d:\game\game-se102-\game-se102-\wip\megaman\megaman\debug\megamanjumpstate.obj
d:\game\game-se102-\game-se102-\wip\megaman\megaman\debug\megamandeathstate.obj
d:\game\game-se102-\game-se102-\wip\megaman\megaman\debug\map.obj
d:\game\game-se102-\game-se102-\wip\megaman\megaman\debug\logwriter.obj
d:\game\game-se102-\game-se102-\wip\megaman\megaman\debug\keyboard.obj
d:\game\game-se102-\game-se102-\wip\megaman\megaman\debug\graphics.obj
d:\game\game-se102-\game-se102-\wip\megaman\megaman\debug\game.obj
d:\game\game-se102-\game-se102-\wip\megaman\megaman\debug\enemystate.obj
d:\game\game-se102-\game-se102-\wip\megaman\megaman\debug\enemysprite.obj
d:\game\game-se102-\game-se102-\wip\megaman\megaman\debug\enemydata.obj
d:\game\game-se102-\game-se102-\wip\megaman\megaman\debug\base64.obj
d:\game\game-se102-\game-se102-\wip\megaman\megaman\debug\winmain.obj
d:\game\game-se102-\game-se102-\wip\megaman\megaman\debug\viewport.obj
d:\game\game-se102-\game-se102-\wip\megaman\megaman\debug\ui.obj
d:\game\game-se102-\game-se102-\wip\megaman\megaman\debug\tinyxmlparser.obj
d:\game\game-se102-\game-se102-\wip\megaman\megaman\debug\tinyxmlerror.obj
d:\game\game-se102-\game-se102-\wip\megaman\megaman\debug\tinyxml.obj
d:\game\game-se102-\game-se102-\wip\megaman\megaman\debug\tinystr.obj
d:\game\game-se102-\game-se102-\wip\megaman\megaman\debug\tiletmx.obj
d:\game\game-se102-\game-se102-\wip\megaman\megaman\debug\tilelayer.obj
d:\game\game-se102-\game-se102-\wip\megaman\megaman\debug\texturearray.obj
d:\game\game-se102-\game-se102-\wip\megaman\megaman\debug\texture.obj
d:\game\game-se102-\game-se102-\wip\megaman\megaman\debug\scenemanager.obj
d:\game\game-se102-\game-se102-\wip\megaman\megaman\debug\scene1.obj
d:\game\game-se102-\game-se102-\wip\megaman\megaman\debug\quadtree.obj
d:\game\game-se102-\game-se102-\wip\megaman\megaman\debug\objectstate.obj
d:\game\game-se102-\game-se102-\wip\megaman\debug\megaman.exe
d:\game\game-se102-\game-se102-\wip\megaman\debug\megaman.ilk
d:\game\game-se102-\game-se102-\wip\megaman\debug\megaman.pdb
d:\game\game-se102-\game-se102-\wip\megaman\megaman\debug\bulletdata.obj
d:\game\game-se102-\game-se102-\wip\megaman\megaman\debug\bulletspite.obj
d:\game\game-se102-\game-se102-\wip\megaman\megaman\debug\bulletstate.obj
d:\game\game-se102-\game-se102-\wip\megaman\megaman\debug\megamanstandshootstate.obj
d:\game\game-se102-\game-se102-\wip\megaman\megaman\debug\megamanstart.obj
d:\game\game-se102-\game-se102-\wip\megaman\megaman\debug\mgmbulletnormal.obj
d:\game\game-se102-\game-se102-\wip\megaman\megaman\debug\mgmnormalbulletmovingstate.obj
d:\game\game-se102-\game-se102-\wip\megaman\megaman\debug\source.obj
d:\game\game-se102-\game-se102-\wip\megaman\megaman\debug\s_bullet.obj
d:\game\game-se102-\game-se102-\wip\megaman\megaman\debug\megaman.tlog\cl.command.1.tlog
d:\game\game-se102-\game-se102-\wip\megaman\megaman\debug\megaman.tlog\cl.read.1.tlog
d:\game\game-se102-\game-se102-\wip\megaman\megaman\debug\megaman.tlog\cl.write.1.tlog
d:\game\game-se102-\game-se102-\wip\megaman\megaman\debug\megaman.tlog\link.command.1.tlog
d:\game\game-se102-\game-se102-\wip\megaman\megaman\debug\megaman.tlog\link.read.1.tlog
d:\game\game-se102-\game-se102-\wip\megaman\megaman\debug\megaman.tlog\link.write.1.tlog
