  Map.cpp
d:\game\game-se102-\game-se102-\wip\megaman\megaman\camera.h(104): warning C4244: 'argument': conversion from 'int' to 'T', possible loss of data
          with
          [
              T=float
          ]
d:\game\game-se102-\game-se102-\wip\megaman\megaman\sprite.h(53): warning C4018: '<': signed/unsigned mismatch
d:\game\game-se102-\game-se102-\wip\megaman\megaman\sprite.h(61): warning C4018: '<': signed/unsigned mismatch
d:\game\game-se102-\game-se102-\wip\megaman\megaman\quadtree.h(172): warning C4018: '<': signed/unsigned mismatch
d:\game\game-se102-\game-se102-\wip\megaman\megaman\quadtree.h(300): warning C4018: '<': signed/unsigned mismatch
d:\game\game-se102-\game-se102-\wip\megaman\megaman\quadtree.h(426): warning C4018: '<': signed/unsigned mismatch
d:\game\game-se102-\game-se102-\wip\megaman\megaman\megamanstate.h(42): warning C4244: '*=': conversion from 'double' to 'float', possible loss of data
d:\game\game-se102-\game-se102-\wip\megaman\megaman\enemysprite.h(29): warning C4244: '=': conversion from 'int' to 'float', possible loss of data
d:\game\game-se102-\game-se102-\wip\megaman\megaman\enemysprite.h(30): warning C4244: '=': conversion from 'int' to 'float', possible loss of data
d:\game\game-se102-\game-se102-\wip\megaman\megaman\enemysprite.h(50): warning C4244: 'argument': conversion from 'float' to 'int', possible loss of data
d:\game\game-se102-\game-se102-\wip\megaman\megaman\enemysprite.h(52): warning C4244: 'argument': conversion from 'float' to 'int', possible loss of data
d:\game\game-se102-\game-se102-\wip\megaman\megaman\enemysprite.h(69): warning C4018: '<': signed/unsigned mismatch
d:\game\game-se102-\game-se102-\wip\megaman\megaman\map.cpp(39): warning C4018: '<': signed/unsigned mismatch
d:\game\game-se102-\game-se102-\wip\megaman\megaman\map.cpp(74): warning C4018: '<': signed/unsigned mismatch
d:\game\game-se102-\game-se102-\wip\megaman\megaman\map.cpp(81): warning C4018: '<': signed/unsigned mismatch
d:\game\game-se102-\game-se102-\wip\megaman\megaman\map.cpp(268): warning C4244: 'argument': conversion from 'int' to 'T', possible loss of data
          with
          [
              T=float
          ]
d:\game\game-se102-\game-se102-\wip\megaman\megaman\map.cpp(272): warning C4244: '=': conversion from 'int' to 'float', possible loss of data
d:\game\game-se102-\game-se102-\wip\megaman\megaman\map.cpp(273): warning C4244: '=': conversion from 'int' to 'float', possible loss of data
d:\game\game-se102-\game-se102-\wip\megaman\megaman\map.cpp(287): warning C4244: 'argument': conversion from 'int' to 'T', possible loss of data
          with
          [
              T=float
          ]
d:\game\game-se102-\game-se102-\wip\megaman\megaman\map.cpp(297): warning C4244: 'argument': conversion from 'int' to 'T', possible loss of data
          with
          [
              T=float
          ]
d:\game\game-se102-\game-se102-\wip\megaman\megaman\map.cpp(401): warning C4018: '<': signed/unsigned mismatch
d:\game\game-se102-\game-se102-\wip\megaman\megaman\map.cpp(411): warning C4018: '<': signed/unsigned mismatch
d:\game\game-se102-\game-se102-\wip\megaman\megaman\map.cpp(524): warning C4018: '<': signed/unsigned mismatch
d:\game\game-se102-\game-se102-\wip\megaman\megaman\map.cpp(555): warning C4018: '<': signed/unsigned mismatch
d:\game\game-se102-\game-se102-\wip\megaman\megaman\map.cpp(567): warning C4018: '<': signed/unsigned mismatch
d:\game\game-se102-\game-se102-\wip\megaman\megaman\map.cpp(702): warning C4018: '<': signed/unsigned mismatch
d:\game\game-se102-\game-se102-\wip\megaman\megaman\map.cpp(714): warning C4018: '<': signed/unsigned mismatch
d:\game\game-se102-\game-se102-\wip\megaman\megaman\map.cpp(905): warning C4018: '<': signed/unsigned mismatch
d:\game\game-se102-\game-se102-\wip\megaman\megaman\map.cpp(922): warning C4018: '<': signed/unsigned mismatch
d:\game\game-se102-\game-se102-\wip\megaman\megaman\map.cpp(970): warning C4018: '<': signed/unsigned mismatch
d:\game\game-se102-\game-se102-\wip\megaman\megaman\map.cpp(1055): warning C4018: '<': signed/unsigned mismatch
  Scene1.cpp
d:\game\game-se102-\game-se102-\wip\megaman\megaman\camera.h(104): warning C4244: 'argument': conversion from 'int' to 'T', possible loss of data
          with
          [
              T=float
          ]
d:\game\game-se102-\game-se102-\wip\megaman\megaman\sprite.h(53): warning C4018: '<': signed/unsigned mismatch
d:\game\game-se102-\game-se102-\wip\megaman\megaman\sprite.h(61): warning C4018: '<': signed/unsigned mismatch
d:\game\game-se102-\game-se102-\wip\megaman\megaman\megamanstate.h(42): warning C4244: '*=': conversion from 'double' to 'float', possible loss of data
d:\game\game-se102-\game-se102-\wip\megaman\megaman\quadtree.h(172): warning C4018: '<': signed/unsigned mismatch
d:\game\game-se102-\game-se102-\wip\megaman\megaman\quadtree.h(300): warning C4018: '<': signed/unsigned mismatch
d:\game\game-se102-\game-se102-\wip\megaman\megaman\quadtree.h(426): warning C4018: '<': signed/unsigned mismatch
d:\game\game-se102-\game-se102-\wip\megaman\megaman\enemysprite.h(29): warning C4244: '=': conversion from 'int' to 'float', possible loss of data
d:\game\game-se102-\game-se102-\wip\megaman\megaman\enemysprite.h(30): warning C4244: '=': conversion from 'int' to 'float', possible loss of data
d:\game\game-se102-\game-se102-\wip\megaman\megaman\enemysprite.h(50): warning C4244: 'argument': conversion from 'float' to 'int', possible loss of data
d:\game\game-se102-\game-se102-\wip\megaman\megaman\enemysprite.h(52): warning C4244: 'argument': conversion from 'float' to 'int', possible loss of data
d:\game\game-se102-\game-se102-\wip\megaman\megaman\enemysprite.h(69): warning C4018: '<': signed/unsigned mismatch
d:\game\game-se102-\game-se102-\wip\megaman\megaman\scene1.cpp(22): warning C4244: 'initializing': conversion from 'T' to 'int', possible loss of data
          with
          [
              T=float
          ]
  Generating Code...
  Megaman.vcxproj -> D:\Game\GAME-SE102-\GAME-SE102-\WIP\Megaman\Debug\Megaman.exe
