c:\users\admin\onedrive - gm.uit.edu.vn\workspace directx\game\game\debug\vc140.pdb
c:\users\admin\onedrive - gm.uit.edu.vn\workspace directx\game\game\debug\vc140.idb
c:\users\admin\onedrive - gm.uit.edu.vn\workspace directx\game\game\debug\animation_defaut.obj
c:\users\admin\onedrive - gm.uit.edu.vn\workspace directx\game\game\debug\cat.obj
c:\users\admin\onedrive - gm.uit.edu.vn\workspace directx\game\game\debug\dxgraphic.obj
c:\users\admin\onedrive - gm.uit.edu.vn\workspace directx\game\game\debug\game.obj
c:\users\admin\onedrive - gm.uit.edu.vn\workspace directx\game\game\debug\gameobject.obj
c:\users\admin\onedrive - gm.uit.edu.vn\workspace directx\game\game\debug\keyboard_input.obj
c:\users\admin\onedrive - gm.uit.edu.vn\workspace directx\game\game\debug\winmain.obj
c:\users\admin\onedrive - gm.uit.edu.vn\workspace directx\game\game\debug\animation.obj
c:\users\admin\onedrive - gm.uit.edu.vn\workspace directx\game\game\debug\animationcontrol.obj
c:\users\admin\onedrive - gm.uit.edu.vn\workspace directx\game\debug\game.ilk
c:\users\admin\onedrive - gm.uit.edu.vn\workspace directx\game\debug\game.exe
c:\users\admin\onedrive - gm.uit.edu.vn\workspace directx\game\debug\game.pdb
c:\users\admin\onedrive - gm.uit.edu.vn\workspace directx\game\game\debug\game.res
c:\users\admin\onedrive - gm.uit.edu.vn\workspace directx\game\game\debug\game.tlog\cl.command.1.tlog
c:\users\admin\onedrive - gm.uit.edu.vn\workspace directx\game\game\debug\game.tlog\cl.read.1.tlog
c:\users\admin\onedrive - gm.uit.edu.vn\workspace directx\game\game\debug\game.tlog\cl.write.1.tlog
c:\users\admin\onedrive - gm.uit.edu.vn\workspace directx\game\game\debug\game.tlog\link.command.1.tlog
c:\users\admin\onedrive - gm.uit.edu.vn\workspace directx\game\game\debug\game.tlog\link.read.1.tlog
c:\users\admin\onedrive - gm.uit.edu.vn\workspace directx\game\game\debug\game.tlog\link.write.1.tlog
c:\users\admin\onedrive - gm.uit.edu.vn\workspace directx\game\game\debug\game.tlog\rc.command.1.tlog
c:\users\admin\onedrive - gm.uit.edu.vn\workspace directx\game\game\debug\game.tlog\rc.read.1.tlog
c:\users\admin\onedrive - gm.uit.edu.vn\workspace directx\game\game\debug\game.tlog\rc.write.1.tlog
