e:\game-se102--control-animation\wip\game\debug\vc141.pdb
e:\game-se102--control-animation\wip\game\debug\vc141.idb
e:\game-se102--control-animation\wip\game\debug\zero.obj
e:\game-se102--control-animation\wip\game\debug\winmain.obj
e:\game-se102--control-animation\wip\game\debug\scenemanager.obj
e:\game-se102--control-animation\wip\game\debug\playscene.obj
e:\game-se102--control-animation\wip\game\debug\megaman.obj
e:\game-se102--control-animation\wip\game\debug\map.obj
e:\game-se102--control-animation\wip\game\debug\keyboard_input.obj
e:\game-se102--control-animation\wip\game\debug\gameobject.obj
e:\game-se102--control-animation\wip\game\debug\game.obj
e:\game-se102--control-animation\wip\game\debug\dxgraphics.obj
e:\game-se102--control-animation\wip\game\debug\animation_defaut.obj
e:\game-se102--control-animation\wip\game\debug\animationcontrol.obj
e:\game-se102--control-animation\wip\game\debug\animation.obj
e:\game-se102--control-animation\wip\game\debug\game.res
e:\game-se102--control-animation\wip\debug\game.pdb
e:\game-se102--control-animation\wip\game\debug\game.tlog\cl.command.1.tlog
e:\game-se102--control-animation\wip\game\debug\game.tlog\cl.read.1.tlog
e:\game-se102--control-animation\wip\game\debug\game.tlog\cl.write.1.tlog
e:\game-se102--control-animation\wip\game\debug\game.tlog\link-cvtres.read.1.tlog
e:\game-se102--control-animation\wip\game\debug\game.tlog\link-cvtres.write.1.tlog
e:\game-se102--control-animation\wip\game\debug\game.tlog\link-rc.read.1.tlog
e:\game-se102--control-animation\wip\game\debug\game.tlog\link-rc.write.1.tlog
e:\game-se102--control-animation\wip\game\debug\game.tlog\link.command.1.tlog
e:\game-se102--control-animation\wip\game\debug\game.tlog\link.read.1.tlog
e:\game-se102--control-animation\wip\game\debug\game.tlog\link.write.1.tlog
e:\game-se102--control-animation\wip\game\debug\game.tlog\rc.command.1.tlog
e:\game-se102--control-animation\wip\game\debug\game.tlog\rc.read.1.tlog
e:\game-se102--control-animation\wip\game\debug\game.tlog\rc.write.1.tlog
