  Camera.cpp
  e:\directx sdk\include\dinput.h: DIRECTINPUT_VERSION undefined. Defaulting to version 0x0800
  Colider.cpp
  Gameobject.cpp
  e:\directx sdk\include\dinput.h: DIRECTINPUT_VERSION undefined. Defaulting to version 0x0800
  Map.cpp
  e:\directx sdk\include\dinput.h: DIRECTINPUT_VERSION undefined. Defaulting to version 0x0800
  Megaman.cpp
  e:\directx sdk\include\dinput.h: DIRECTINPUT_VERSION undefined. Defaulting to version 0x0800
  PlayScene.cpp
  e:\directx sdk\include\dinput.h: DIRECTINPUT_VERSION undefined. Defaulting to version 0x0800
  Zero.cpp
  e:\directx sdk\include\dinput.h: DIRECTINPUT_VERSION undefined. Defaulting to version 0x0800
  game.cpp
  e:\directx sdk\include\dinput.h: DIRECTINPUT_VERSION undefined. Defaulting to version 0x0800
  winmain.cpp
  e:\directx sdk\include\dinput.h: DIRECTINPUT_VERSION undefined. Defaulting to version 0x0800
c:\users\admin\onedrive - gm.uit.edu.vn\đồ án\game\game-se102-\wip\game\winmain.cpp(142): warning C4244: '+=': conversion from 'double' to 'float', possible loss of data
c:\users\admin\onedrive - gm.uit.edu.vn\đồ án\game\game-se102-\wip\game\winmain.cpp(143): warning C4244: '+=': conversion from 'double' to 'float', possible loss of data
  Generating Code...
c:\users\admin\onedrive - gm.uit.edu.vn\đồ án\game\game-se102-\wip\game\winmain.cpp(59): warning C4715: 'MyRegisterClass': not all control paths return a value
  Game.vcxproj -> C:\Users\Admin\OneDrive - gm.uit.edu.vn\Đồ án\GAME\GAME-SE102-\WIP\Debug\Game.exe
